WARNING: An illegal reflective access operation has occurred
WARNING: Illegal reflective access by io.netty.util.internal.ReflectionUtil (file:/home/nicolas/.cache/firebase/emulators/firebase-database-emulator-v4.11.2.jar) to field sun.nio.ch.SelectorImpl.selectedKeys
WARNING: Please consider reporting this to the maintainers of io.netty.util.internal.ReflectionUtil
WARNING: Use --illegal-access=warn to enable warnings of further illegal reflective access operations
WARNING: All illegal access operations will be denied in a future release
00:01:13.708 [NamespaceSystem-akka.actor.default-dispatcher-4] INFO akka.event.slf4j.Slf4jLogger - Slf4jLogger started
00:01:13.833 [main] INFO com.firebase.server.forge.App$ - Listening at 127.0.0.1:9000
00:01:14.524 [NamespaceSystem-akka.actor.default-dispatcher-4] INFO com.firebase.core.namespace.NamespaceActor - next-chat-app-f0e97-default-rtdb successfully activated FBKV (SurveyIdle(0)) wait: 98ms, init: 0ms
00:01:14.591 [NamespaceSystem-blocking-namespace-operation-dispatcher-6] INFO com.firebase.core.namespace.StateManager - Namespace next-chat-app-f0e97-default-rtdb status Active to Active
00:01:14.941 [FirebaseWorkerPool-1-3] WARN com.firebase.core.persistence.backend.dummy.EmulatorMetadataPersistence - Multiple projectIds are not recommended in single project mode. Requested 
namespace next-chat-app-f0e97, but the emulator is configured for next-chat-app-f0e97-default-rtdb. To 
opt-out of single project mode add/set the singleProjectMode: false property in 
the firebase.json emulators config. 
00:01:14.954 [NamespaceSystem-akka.actor.default-dispatcher-5] INFO com.firebase.core.namespace.NamespaceActor - next-chat-app-f0e97 successfully activated FBKV (SurveyIdle(0)) wait: 11ms, init: 0ms
00:01:15.178 [NamespaceSystem-akka.actor.default-dispatcher-5] WARN com.firebase.server.forge.App$ - Received service account token admin, assuming ownership.
00:01:30.022 [NamespaceSystem-akka.actor.default-dispatcher-8] WARN com.firebase.server.forge.App$ - Received service account token admin, assuming ownership.
00:01:31.848 [NamespaceSystem-akka.actor.default-dispatcher-11] WARN com.firebase.server.forge.App$ - Received service account token admin, assuming ownership.
00:01:33.387 [NamespaceSystem-akka.actor.default-dispatcher-7] WARN com.firebase.server.forge.App$ - Received service account token admin, assuming ownership.
00:01:50.336 [NamespaceSystem-akka.actor.default-dispatcher-11] WARN com.firebase.server.forge.App$ - Received service account token admin, assuming ownership.
00:15:16.313 [NamespaceSystem-akka.actor.default-dispatcher-20] WARN com.firebase.server.forge.App$ - Received service account token admin, assuming ownership.
00:17:04.043 [NamespaceSystem-akka.actor.default-dispatcher-17] WARN com.firebase.server.forge.App$ - Received service account token admin, assuming ownership.
00:17:06.459 [NamespaceSystem-akka.actor.default-dispatcher-28] WARN com.firebase.server.forge.App$ - Received service account token admin, assuming ownership.
00:23:33.593 [NamespaceSystem-akka.actor.default-dispatcher-31] WARN com.firebase.server.forge.App$ - Received service account token admin, assuming ownership.
