[debug] [2024-02-18T01:04:53.222Z] ----------------------------------------------------------------------
[debug] [2024-02-18T01:04:53.223Z] Command:       /home/nicolas/.nvm/versions/node/v20.10.0/bin/node /home/nicolas/.nvm/versions/node/v20.10.0/bin/firebase emulators:start --only database
[debug] [2024-02-18T01:04:53.223Z] CLI Version:   13.3.0
[debug] [2024-02-18T01:04:53.223Z] Platform:      linux
[debug] [2024-02-18T01:04:53.224Z] Node Version:  v20.10.0
[debug] [2024-02-18T01:04:53.224Z] Time:          Sat Feb 17 2024 21:04:53 GMT-0400 (Atlantic Standard Time)
[debug] [2024-02-18T01:04:53.224Z] ----------------------------------------------------------------------
[debug] 
[debug] [2024-02-18T01:04:53.260Z] > command requires scopes: ["email","openid","https://www.googleapis.com/auth/cloudplatformprojects.readonly","https://www.googleapis.com/auth/firebase","https://www.googleapis.com/auth/cloud-platform"]
[debug] Failed to authenticate, have you run firebase login?
[warn] ⚠  emulators: You are not currently authenticated so some features may not work correctly. Please run firebase login to authenticate the CLI. 
[debug] [2024-02-18T01:04:53.341Z] openjdk version "17.0.9" 2023-10-17
OpenJDK Runtime Environment (build 17.0.9+9-Ubuntu-122.04)
OpenJDK 64-Bit Server VM (build 17.0.9+9-Ubuntu-122.04, mixed mode, sharing)

[debug] [2024-02-18T01:04:53.346Z] Parsed Java major version: 17
[info] i  emulators: Starting emulators: database {"metadata":{"emulator":{"name":"hub"},"message":"Starting emulators: database"}}
[debug] [2024-02-18T01:04:53.350Z] [logging] Logging Emulator only supports listening on one address (127.0.0.1). Not listening on ::1
[debug] [2024-02-18T01:04:53.350Z] [database] Database Emulator only supports listening on one address (127.0.0.1). Not listening on ::1
[debug] [2024-02-18T01:04:53.350Z] assigned listening specs for emulators {"user":{"hub":[{"address":"127.0.0.1","family":"IPv4","port":4400},{"address":"::1","family":"IPv6","port":4400}],"ui":[{"address":"127.0.0.1","family":"IPv4","port":4000},{"address":"::1","family":"IPv6","port":4000}],"logging":[{"address":"127.0.0.1","family":"IPv4","port":4500}],"database":[{"address":"127.0.0.1","family":"IPv4","port":9000}]},"metadata":{"message":"assigned listening specs for emulators"}}
[debug] [2024-02-18T01:04:53.355Z] [hub] writing locator at /tmp/hub-next-chat-app-f0e97.json
[debug] [2024-02-18T01:04:53.357Z] > refreshing access token with scopes: []
[debug] [2024-02-18T01:04:53.358Z] >>> [apiv2][query] POST https://www.googleapis.com/oauth2/v3/token [none]
[debug] [2024-02-18T01:04:53.358Z] >>> [apiv2][body] POST https://www.googleapis.com/oauth2/v3/token [omitted]
[debug] [2024-02-18T01:04:53.620Z] <<< [apiv2][status] POST https://www.googleapis.com/oauth2/v3/token 400
[debug] [2024-02-18T01:04:53.620Z] <<< [apiv2][body] POST https://www.googleapis.com/oauth2/v3/token [omitted]
[debug] [2024-02-18T01:04:53.620Z] >>> [apiv2][query] GET https://firebase.googleapis.com/v1beta1/projects/next-chat-app-f0e97 [none]
[debug] [2024-02-18T01:04:53.913Z] <<< [apiv2][status] GET https://firebase.googleapis.com/v1beta1/projects/next-chat-app-f0e97 401
[debug] [2024-02-18T01:04:53.913Z] <<< [apiv2][body] GET https://firebase.googleapis.com/v1beta1/projects/next-chat-app-f0e97 {"error":{"code":401,"message":"Request is missing required authentication credential. Expected OAuth 2 access token, login cookie or other valid authentication credential. See https://developers.google.com/identity/sign-in/web/devconsole-project.","status":"UNAUTHENTICATED","details":[{"@type":"type.googleapis.com/google.rpc.ErrorInfo","reason":"CREDENTIALS_MISSING","domain":"googleapis.com","metadata":{"method":"google.firebase.service.v1beta1.FirebaseProjectService.GetFirebaseProject","service":"firebase.googleapis.com"}}]}}
[debug] [2024-02-18T01:04:53.913Z] HTTP Error: 401, Request is missing required authentication credential. Expected OAuth 2 access token, login cookie or other valid authentication credential. See https://developers.google.com/identity/sign-in/web/devconsole-project.
[debug] [2024-02-18T01:04:53.914Z] Failed to retrieve default database instance: {"name":"FirebaseError","children":[],"exit":2,"message":"Failed to get Firebase project next-chat-app-f0e97. Please make sure the project exists and your account has permission to access it.","original":{"name":"FirebaseError","children":[],"context":{"body":{"error":{"code":401,"message":"Request is missing required authentication credential. Expected OAuth 2 access token, login cookie or other valid authentication credential. See https://developers.google.com/identity/sign-in/web/devconsole-project.","status":"UNAUTHENTICATED","details":[{"@type":"type.googleapis.com/google.rpc.ErrorInfo","reason":"CREDENTIALS_MISSING","domain":"googleapis.com","metadata":{"method":"google.firebase.service.v1beta1.FirebaseProjectService.GetFirebaseProject","service":"firebase.googleapis.com"}}]}},"response":{"statusCode":401}},"exit":1,"message":"HTTP Error: 401, Request is missing required authentication credential. Expected OAuth 2 access token, login cookie or other valid authentication credential. See https://developers.google.com/identity/sign-in/web/devconsole-project.","status":401},"status":500} {"metadata":{"emulator":{"name":"database"},"message":"Failed to retrieve default database instance: {\"name\":\"FirebaseError\",\"children\":[],\"exit\":2,\"message\":\"Failed to get Firebase project next-chat-app-f0e97. Please make sure the project exists and your account has permission to access it.\",\"original\":{\"name\":\"FirebaseError\",\"children\":[],\"context\":{\"body\":{\"error\":{\"code\":401,\"message\":\"Request is missing required authentication credential. Expected OAuth 2 access token, login cookie or other valid authentication credential. See https://developers.google.com/identity/sign-in/web/devconsole-project.\",\"status\":\"UNAUTHENTICATED\",\"details\":[{\"@type\":\"type.googleapis.com/google.rpc.ErrorInfo\",\"reason\":\"CREDENTIALS_MISSING\",\"domain\":\"googleapis.com\",\"metadata\":{\"method\":\"google.firebase.service.v1beta1.FirebaseProjectService.GetFirebaseProject\",\"service\":\"firebase.googleapis.com\"}}]}},\"response\":{\"statusCode\":401}},\"exit\":1,\"message\":\"HTTP Error: 401, Request is missing required authentication credential. Expected OAuth 2 access token, login cookie or other valid authentication credential. See https://developers.google.com/identity/sign-in/web/devconsole-project.\",\"status\":401},\"status\":500}"}}
[debug] [2024-02-18T01:04:53.914Z] database rules config:  [{"instance":"next-chat-app-f0e97-default-rtdb","rules":"/home/nicolas/projects/next-chat-app/database.rules.json"}]
[debug] [2024-02-18T01:04:53.916Z] Ignoring unsupported arg: projectId {"metadata":{"emulator":{"name":"database"},"message":"Ignoring unsupported arg: projectId"}}
[debug] [2024-02-18T01:04:53.916Z] Ignoring unsupported arg: auto_download {"metadata":{"emulator":{"name":"database"},"message":"Ignoring unsupported arg: auto_download"}}
[debug] [2024-02-18T01:04:53.916Z] Ignoring unsupported arg: rules {"metadata":{"emulator":{"name":"database"},"message":"Ignoring unsupported arg: rules"}}
[debug] [2024-02-18T01:04:53.916Z] Starting Database Emulator with command {"binary":"java","args":["-Duser.language=en","-jar","/home/nicolas/.cache/firebase/emulators/firebase-database-emulator-v4.11.2.jar","--host","127.0.0.1","--port",9000,"--single_project_mode","Warning"],"optionalArgs":["port","host","functions_emulator_port","functions_emulator_host","single_project_mode"],"joinArgs":false} {"metadata":{"emulator":{"name":"database"},"message":"Starting Database Emulator with command {\"binary\":\"java\",\"args\":[\"-Duser.language=en\",\"-jar\",\"/home/nicolas/.cache/firebase/emulators/firebase-database-emulator-v4.11.2.jar\",\"--host\",\"127.0.0.1\",\"--port\",9000,\"--single_project_mode\",\"Warning\"],\"optionalArgs\":[\"port\",\"host\",\"functions_emulator_port\",\"functions_emulator_host\",\"single_project_mode\"],\"joinArgs\":false}"}}
[info] i  database: Database Emulator logging to database-debug.log {"metadata":{"emulator":{"name":"database"},"message":"Database Emulator logging to \u001b[1mdatabase-debug.log\u001b[22m"}}
[debug] [2024-02-18T01:04:54.438Z] 21:04:54.437 [NamespaceSystem-akka.actor.default-dispatcher-5] INFO akka.event.slf4j.Slf4jLogger - Slf4jLogger started
 {"metadata":{"emulator":{"name":"database"},"message":"21:04:54.437 [NamespaceSystem-akka.actor.default-dispatcher-5] INFO akka.event.slf4j.Slf4jLogger - Slf4jLogger started\n"}}
[debug] [2024-02-18T01:04:54.535Z] 21:04:54.535 [main] INFO com.firebase.server.forge.App$ - Listening at 127.0.0.1:9000
 {"metadata":{"emulator":{"name":"database"},"message":"21:04:54.535 [main] INFO com.firebase.server.forge.App$ - Listening at 127.0.0.1:9000\n"}}
[debug] [2024-02-18T01:04:54.676Z] Ignoring unsupported arg: auto_download {"metadata":{"emulator":{"name":"ui"},"message":"Ignoring unsupported arg: auto_download"}}
[debug] [2024-02-18T01:04:54.677Z] Ignoring unsupported arg: port {"metadata":{"emulator":{"name":"ui"},"message":"Ignoring unsupported arg: port"}}
[debug] [2024-02-18T01:04:54.677Z] Starting Emulator UI with command {"binary":"node","args":["/home/nicolas/.cache/firebase/emulators/ui-v1.11.7/server/server.js"],"optionalArgs":[],"joinArgs":false} {"metadata":{"emulator":{"name":"ui"},"message":"Starting Emulator UI with command {\"binary\":\"node\",\"args\":[\"/home/nicolas/.cache/firebase/emulators/ui-v1.11.7/server/server.js\"],\"optionalArgs\":[],\"joinArgs\":false}"}}
[info] i  ui: Emulator UI logging to ui-debug.log {"metadata":{"emulator":{"name":"ui"},"message":"Emulator UI logging to \u001b[1mui-debug.log\u001b[22m"}}
[debug] [2024-02-18T01:04:54.729Z] Web / API server started at 127.0.0.1:4000
 {"metadata":{"emulator":{"name":"ui"},"message":"Web / API server started at 127.0.0.1:4000\n"}}
[debug] [2024-02-18T01:04:54.729Z] Web / API server started at ::1:4000
 {"metadata":{"emulator":{"name":"ui"},"message":"Web / API server started at ::1:4000\n"}}
[debug] [2024-02-18T01:04:54.934Z] >>> [apiv2][query] PUT http://127.0.0.1:9000/.settings/rules.json ns=next-chat-app-f0e97-default-rtdb
[debug] [2024-02-18T01:04:54.935Z] >>> [apiv2][body] PUT http://127.0.0.1:9000/.settings/rules.json "{\n    \"rules\": {\n      \".read\": \"auth != null\",\n      \".write\": \"auth != null\",\n      \"users\": {\n        \"$uid\": {\n          \".read\": \"auth.uid == $uid\",\n          \".write\": \"auth.uid == $uid\"\n        }\n      }\n    }\n  }"
[debug] [2024-02-18T01:04:55.091Z] 21:04:55.090 [NamespaceSystem-akka.actor.default-dispatcher-7] INFO com.firebase.core.namespace.NamespaceActor - next-chat-app-f0e97-default-rtdb successfully activated FBKV (SurveyIdle(0)) wait: 69ms, init: 0ms
 {"metadata":{"emulator":{"name":"database"},"message":"21:04:55.090 [NamespaceSystem-akka.actor.default-dispatcher-7] INFO com.firebase.core.namespace.NamespaceActor - next-chat-app-f0e97-default-rtdb successfully activated FBKV (SurveyIdle(0)) wait: 69ms, init: 0ms\n"}}
[debug] [2024-02-18T01:04:55.130Z] 21:04:55.130 [NamespaceSystem-blocking-namespace-operation-dispatcher-8] INFO com.firebase.core.namespace.StateManager - Namespace next-chat-app-f0e97-default-rtdb status Active to Active
 {"metadata":{"emulator":{"name":"database"},"message":"21:04:55.130 [NamespaceSystem-blocking-namespace-operation-dispatcher-8] INFO com.firebase.core.namespace.StateManager - Namespace next-chat-app-f0e97-default-rtdb status Active to Active\n"}}
[debug] [2024-02-18T01:04:55.156Z] <<< [apiv2][status] PUT http://127.0.0.1:9000/.settings/rules.json 200
[debug] [2024-02-18T01:04:55.156Z] <<< [apiv2][body] PUT http://127.0.0.1:9000/.settings/rules.json {"status":"ok"}
[info] 
┌─────────────────────────────────────────────────────────────┐
│ ✔  All emulators ready! It is now safe to connect your app. │
│ i  View Emulator UI at http://127.0.0.1:4000/               │
└─────────────────────────────────────────────────────────────┘

┌──────────┬────────────────┬────────────────────────────────┐
│ Emulator │ Host:Port      │ View in Emulator UI            │
├──────────┼────────────────┼────────────────────────────────┤
│ Database │ 127.0.0.1:9000 │ http://127.0.0.1:4000/database │
└──────────┴────────────────┴────────────────────────────────┘
  Emulator Hub running at 127.0.0.1:4400
  Other reserved ports: 4500

Issues? Report them at https://github.com/firebase/firebase-tools/issues and attach the *-debug.log files.
 
[debug] [2024-02-18T01:08:40.267Z] 21:08:40.267 [FirebaseWorkerPool-1-3] WARN com.firebase.core.persistence.backend.dummy.EmulatorMetadataPersistence - Multiple projectIds are not recommended in single project mode. Requested 
namespace next-chat-app-f0e97, but the emulator is configured for next-chat-app-f0e97-default-rtdb. To 
opt-out of single project mode add/set the singleProjectMode: false property in 
the firebase.json emulators config. 
 {"metadata":{"emulator":{"name":"database"},"message":"21:08:40.267 [FirebaseWorkerPool-1-3] WARN com.firebase.core.persistence.backend.dummy.EmulatorMetadataPersistence - Multiple projectIds are not recommended in single project mode. Requested \nnamespace next-chat-app-f0e97, but the emulator is configured for next-chat-app-f0e97-default-rtdb. To \nopt-out of single project mode add/set the singleProjectMode: false property in \nthe firebase.json emulators config. \n"}}
[debug] [2024-02-18T01:08:40.270Z] 21:08:40.269 [FirebaseWorkerPool-1-3] WARN com.firebase.server.forge.App$ - Received service account token admin, assuming ownership.
 {"metadata":{"emulator":{"name":"database"},"message":"21:08:40.269 [FirebaseWorkerPool-1-3] WARN com.firebase.server.forge.App$ - Received service account token admin, assuming ownership.\n"}}
[debug] [2024-02-18T01:08:40.271Z] 21:08:40.271 [NamespaceSystem-akka.actor.default-dispatcher-15] INFO com.firebase.core.namespace.NamespaceActor - next-chat-app-f0e97 successfully activated FBKV (SurveyIdle(0)) wait: 2ms, init: 0ms
 {"metadata":{"emulator":{"name":"database"},"message":"21:08:40.271 [NamespaceSystem-akka.actor.default-dispatcher-15] INFO com.firebase.core.namespace.NamespaceActor - next-chat-app-f0e97 successfully activated FBKV (SurveyIdle(0)) wait: 2ms, init: 0ms\n"}}
[debug] [2024-02-18T01:08:40.513Z] 21:08:40.512 [NamespaceSystem-akka.actor.default-dispatcher-15] WARN com.firebase.server.forge.App$ - Received service account token admin, assuming ownership.
 {"metadata":{"emulator":{"name":"database"},"message":"21:08:40.512 [NamespaceSystem-akka.actor.default-dispatcher-15] WARN com.firebase.server.forge.App$ - Received service account token admin, assuming ownership.\n"}}
[debug] [2024-02-18T01:08:41.068Z] 21:08:41.068 [NamespaceSystem-akka.actor.default-dispatcher-15] WARN com.firebase.server.forge.App$ - Received service account token admin, assuming ownership.
 {"metadata":{"emulator":{"name":"database"},"message":"21:08:41.068 [NamespaceSystem-akka.actor.default-dispatcher-15] WARN com.firebase.server.forge.App$ - Received service account token admin, assuming ownership.\n"}}
[debug] [2024-02-18T01:09:17.607Z] 21:09:17.607 [FirebaseWorkerPool-1-1] WARN com.firebase.server.forge.App$ - Received service account token admin, assuming ownership.
 {"metadata":{"emulator":{"name":"database"},"message":"21:09:17.607 [FirebaseWorkerPool-1-1] WARN com.firebase.server.forge.App$ - Received service account token admin, assuming ownership.\n"}}
[debug] [2024-02-18T01:09:17.617Z] 21:09:17.616 [NamespaceSystem-akka.actor.default-dispatcher-15] WARN com.firebase.server.forge.App$ - Received service account token admin, assuming ownership.
 {"metadata":{"emulator":{"name":"database"},"message":"21:09:17.616 [NamespaceSystem-akka.actor.default-dispatcher-15] WARN com.firebase.server.forge.App$ - Received service account token admin, assuming ownership.\n"}}
[debug] [2024-02-18T01:09:18.371Z] 21:09:18.370 [NamespaceSystem-akka.actor.default-dispatcher-15] WARN com.firebase.server.forge.App$ - Received service account token admin, assuming ownership.
 {"metadata":{"emulator":{"name":"database"},"message":"21:09:18.370 [NamespaceSystem-akka.actor.default-dispatcher-15] WARN com.firebase.server.forge.App$ - Received service account token admin, assuming ownership.\n"}}
[debug] [2024-02-18T01:10:38.683Z] 21:10:38.682 [NamespaceSystem-akka.actor.default-dispatcher-12] WARN com.firebase.server.forge.App$ - Received service account token admin, assuming ownership.
 {"metadata":{"emulator":{"name":"database"},"message":"21:10:38.682 [NamespaceSystem-akka.actor.default-dispatcher-12] WARN com.firebase.server.forge.App$ - Received service account token admin, assuming ownership.\n"}}
[debug] [2024-02-18T01:10:40.515Z] 21:10:40.514 [NamespaceSystem-akka.actor.default-dispatcher-14] WARN com.firebase.server.forge.App$ - Received service account token admin, assuming ownership.
 {"metadata":{"emulator":{"name":"database"},"message":"21:10:40.514 [NamespaceSystem-akka.actor.default-dispatcher-14] WARN com.firebase.server.forge.App$ - Received service account token admin, assuming ownership.\n"}}
[debug] [2024-02-18T01:11:22.035Z] 21:11:22.034 [NamespaceSystem-akka.actor.default-dispatcher-25] WARN com.firebase.server.forge.App$ - Received service account token admin, assuming ownership.
 {"metadata":{"emulator":{"name":"database"},"message":"21:11:22.034 [NamespaceSystem-akka.actor.default-dispatcher-25] WARN com.firebase.server.forge.App$ - Received service account token admin, assuming ownership.\n"}}
[debug] [2024-02-18T01:11:30.120Z] 21:11:30.120 [NamespaceSystem-akka.actor.default-dispatcher-13] WARN com.firebase.server.forge.App$ - Received service account token admin, assuming ownership.
 {"metadata":{"emulator":{"name":"database"},"message":"21:11:30.120 [NamespaceSystem-akka.actor.default-dispatcher-13] WARN com.firebase.server.forge.App$ - Received service account token admin, assuming ownership.\n"}}
[debug] [2024-02-18T01:11:43.117Z] 21:11:43.116 [NamespaceSystem-blocking-namespace-operation-dispatcher-34] INFO com.firebase.core.namespace.StateManager - Namespace next-chat-app-f0e97 status Active to Active
 {"metadata":{"emulator":{"name":"database"},"message":"21:11:43.116 [NamespaceSystem-blocking-namespace-operation-dispatcher-34] INFO com.firebase.core.namespace.StateManager - Namespace next-chat-app-f0e97 status Active to Active\n"}}
[debug] [2024-02-18T01:11:43.435Z] 21:11:43.435 [NamespaceSystem-blocking-namespace-operation-dispatcher-34] INFO com.firebase.core.namespace.StateManager - Namespace next-chat-app-f0e97 status Active to Active
 {"metadata":{"emulator":{"name":"database"},"message":"21:11:43.435 [NamespaceSystem-blocking-namespace-operation-dispatcher-34] INFO com.firebase.core.namespace.StateManager - Namespace next-chat-app-f0e97 status Active to Active\n"}}
